<?xml version="1.0" encoding="UTF-8"?>
<!-- Generated by org.testng.reporters.JUnitReportReporter -->
<testsuite hostname="CSPLAPPUN642" failures="0" tests="6" name="Practice.Practice.BookTesting" time="10.089" errors="0" timestamp="2023-12-14T15:53:45 IST" skipped="0">
  <testcase classname="Practice.Practice.BookTesting" name="addbook" time="1.802"/>
  <testcase classname="Practice.Practice.BookTesting" name="addbook" time="7.936"/>
  <testcase classname="Practice.Practice.BookTesting" name="deletebook" time="0.074"/>
  <testcase classname="Practice.Practice.BookTesting" name="deletebook" time="0.099"/>
  <testcase classname="Practice.Practice.BookTesting" name="deletebook" time="0.074"/>
  <testcase classname="Practice.Practice.BookTesting" name="addbook" time="0.104"/>
</testsuite> <!-- Practice.Practice.BookTesting -->
